Arguments: 
  C:\nodejs\node.exe C:\nodejs\node_modules\yarn\bin\yarn.js publish --registry=http://10.0.110.61:8081/repository/pilot-hosted/

PATH: 
  C:\Program Files (x86)\NetSarang\Xftp 6\;C:\Program Files (x86)\NetSarang\Xshell 6\;C:\WINDOWS\system32;C:\WINDOWS;C:\WINDOWS\System32\Wbem;C:\WINDOWS\System32\WindowsPowerShell\v1.0\;C:\Program Files\IDM Computer Solutions\UltraEdit;C:\Program Files\dotnet\;C:\Program Files\Microsoft\Web Platform Installer\;C:\Program Files\Microsoft SQL Server\120\Tools\Binn\;C:\Program Files\Common Files\Autodesk Shared\;C:\Users\ydnew\AppData\Roaming\nvm;C:\nodejs;C:\Users\ydnew\AppData\Local\Programs\Python\Python38\Scripts\;C:\Users\ydnew\AppData\Local\Programs\Python\Python38\;C:\Users\ydnew\AppData\Local\Microsoft\WindowsApps;C:\Program Files\JetBrains\IntelliJ IDEA 2019.2\bin;;C:\Program Files (x86)\Rico Suter\NSwagStudio\;C:\Program Files\OpenSSL-Win64\bin;C:\Users\ydnew\AppData\Roaming\nvm;C:\nodejs;C:\Users\ydnew\AppData\Local\Programs\Microsoft VS Code\bin

Yarn version: 
  1.22.4

Node version: 
  14.8.0

Platform: 
  win32 x64

Trace: 
  Error: canceled
      at Interface.<anonymous> (C:\Users\ydnew\AppData\Roaming\nvm\v14.8.0\node_modules\yarn\lib\cli.js:137008:13)
      at Interface.emit (events.js:314:20)
      at Interface._ttyWrite (readline.js:875:16)
      at ReadStream.onkeypress (readline.js:213:10)
      at ReadStream.emit (events.js:314:20)
      at emitKeys (internal/readline/utils.js:335:14)
      at emitKeys.next (<anonymous>)
      at ReadStream.onData (readline.js:1144:36)
      at ReadStream.emit (events.js:314:20)
      at addChunk (_stream_readable.js:303:12)

npm manifest: 
  {
    "name": "vue-context-menu",
    "description": "vue context-menu component",
    "version": "2.0.7-pi.1",
    "author": "Vin Maimone",
    "main": "vue-context-menu.js",
    "engines": {
      "node": "*"
    },
    "peerDependencies": {
      "vue": "^2.3.4"
    },
    "devDependencies": {
      "@types/tape": "^4.2.30",
      "avoriaz": "^2.4.1",
      "babel-core": "^6.23.1",
      "babel-loader": "^6.3.2",
      "babel-plugin-transform-runtime": "^6.23.0",
      "babel-preset-es2015": "^6.22.0",
      "babel-preset-stage-2": "^6.22.0",
      "babel-runtime": "^6.23.0",
      "browser-env": "^3.0.2",
      "css-loader": "^0.28.4",
      "mkdirp": "^0.5.1",
      "ncp": "^2.0.0",
      "rimraf": "^2.6.0",
      "tap-spec": "^4.1.1",
      "tape": "^4.7.0",
      "vue": "^2.3.4",
      "vue-loader": "^11.1.0",
      "vue-node": "^1.1.1",
      "vue-template-compiler": "^2.3.4",
      "webpack": "^2.2.0",
      "webpack-dev-server": "^2.4.0"
    },
    "keywords": [
      "component",
      "vue",
      "context",
      "menu"
    ],
    "readmeFilename": "README.md",
    "scripts": {
      "build": "NODE_ENV=production webpack --config webpack.config.js && rimraf docs && mkdirp docs && ncp index.html docs/index.html && ncp vue-context-menu.js docs/vue-context-menu.js",
      "analysis": "NODE_ENV=production webpack --profile --json --config webpack.config.js > stats.json",
      "dev": "webpack-dev-server --config webpack.config.js",
      "test": "tape test/index.js | tap-spec",
      "version": "npm run build && git add .",
      "postversion": "git push && git push --tags && npm publish"
    },
    "directories": {
      "test": "test"
    },
    "repository": {
      "type": "git",
      "url": "git+https://github.com/vmaimone/vue-context-menu.git"
    },
    "license": "ISC",
    "bugs": {
      "url": "https://github.com/vmaimone/vue-context-menu/issues"
    },
    "homepage": "https://github.com/vmaimone/vue-context-menu#readme",
    "dependencies": {}
  }

yarn manifest: 
  No manifest

Lockfile: 
  No lockfile
